This file contains any messages produced by compilers while
running configure, to aid debugging if configure makes a mistake.

It was created by lightdm-bbqlinux-greeter configure 1.6.0, which was
generated by GNU Autoconf 2.69.  Invocation command line was

  $ ./configure --prefix=/usr --sbindir=/usr/bin --sysconfdir=/etc --libexecdir=/usr/lib/lightdm --disable-static --with-gtk2

## --------- ##
## Platform. ##
## --------- ##

hostname = cyanogenmod
uname -m = x86_64
uname -r = 3.10.7-1-ARCH
uname -s = Linux
uname -v = #1 SMP PREEMPT Thu Aug 15 11:55:34 CEST 2013

/usr/bin/uname -p = unknown
/bin/uname -X     = unknown

/bin/arch              = unknown
/usr/bin/arch -k       = unknown
/usr/convex/getsysinfo = unknown
/usr/bin/hostinfo      = unknown
/bin/machine           = unknown
/usr/bin/oslevel       = unknown
/bin/universe          = unknown

PATH: /usr/local/sbin
PATH: /usr/local/bin
PATH: /usr/bin
PATH: /opt/android-sdk/platform-tools
PATH: /opt/android-sdk/tools
PATH: /usr/bin/core_perl
PATH: /home/codeworkx/bin
PATH: /opt/android-sdk/platform-tools
PATH: /opt/android-sdk/tools


## ----------- ##
## Core tests. ##
## ----------- ##

configure:2362: checking for a BSD-compatible install
configure:2430: result: /usr/bin/install -c
configure:2441: checking whether build environment is sane
configure:2491: result: yes
configure:2632: checking for a thread-safe mkdir -p
configure:2671: result: /usr/bin/mkdir -p
configure:2684: checking for gawk
configure:2700: found /usr/bin/gawk
configure:2711: result: gawk
configure:2722: checking whether make sets $(MAKE)
configure:2744: result: yes
configure:2853: checking build system type
configure:2867: result: x86_64-unknown-linux-gnu
configure:2887: checking host system type
configure:2900: result: x86_64-unknown-linux-gnu
configure:2941: checking how to print strings
configure:2968: result: printf
configure:3001: checking for style of include used by make
configure:3029: result: GNU
configure:3100: checking for gcc
configure:3116: found /usr/bin/gcc
configure:3127: result: gcc
configure:3356: checking for C compiler version
configure:3365: gcc --version >&5
gcc (GCC) 4.8.1 20130725 (prerelease)
Copyright (C) 2013 Free Software Foundation, Inc.
This is free software; see the source for copying conditions.  There is NO
warranty; not even for MERCHANTABILITY or FITNESS FOR A PARTICULAR PURPOSE.

configure:3376: $? = 0
configure:3365: gcc -v >&5
Using built-in specs.
COLLECT_GCC=gcc
COLLECT_LTO_WRAPPER=/usr/lib/gcc/x86_64-unknown-linux-gnu/4.8.1/lto-wrapper
Target: x86_64-unknown-linux-gnu
Configured with: /build/gcc-multilib/src/gcc-4.8-20130725/configure --prefix=/usr --libdir=/usr/lib --libexecdir=/usr/lib --mandir=/usr/share/man --infodir=/usr/share/info --with-bugurl=https://bugs.archlinux.org/ --enable-languages=c,c++,ada,fortran,go,lto,objc,obj-c++ --enable-shared --enable-threads=posix --with-system-zlib --enable-__cxa_atexit --disable-libunwind-exceptions --enable-clocale=gnu --disable-libstdcxx-pch --enable-gnu-unique-object --enable-linker-build-id --enable-cloog-backend=isl --disable-cloog-version-check --enable-lto --enable-gold --enable-ld=default --enable-plugin --with-plugin-ld=ld.gold --with-linker-hash-style=gnu --disable-install-libiberty --enable-multilib --disable-libssp --disable-werror --enable-checking=release
Thread model: posix
gcc version 4.8.1 20130725 (prerelease) (GCC) 
configure:3376: $? = 0
configure:3365: gcc -V >&5
gcc: error: unrecognized command line option '-V'
gcc: fatal error: no input files
compilation terminated.
configure:3376: $? = 1
configure:3365: gcc -qversion >&5
gcc: error: unrecognized command line option '-qversion'
gcc: fatal error: no input files
compilation terminated.
configure:3376: $? = 1
configure:3396: checking whether the C compiler works
configure:3418: gcc -march=x86-64 -mtune=generic -O2 -pipe -fstack-protector --param=ssp-buffer-size=4 -D_FORTIFY_SOURCE=2 -Wl,-O1,--sort-common,--as-needed,-z,relro conftest.c  >&5
configure:3422: $? = 0
configure:3470: result: yes
configure:3473: checking for C compiler default output file name
configure:3475: result: a.out
configure:3481: checking for suffix of executables
configure:3488: gcc -o conftest -march=x86-64 -mtune=generic -O2 -pipe -fstack-protector --param=ssp-buffer-size=4 -D_FORTIFY_SOURCE=2 -Wl,-O1,--sort-common,--as-needed,-z,relro conftest.c  >&5
configure:3492: $? = 0
configure:3514: result: 
configure:3536: checking whether we are cross compiling
configure:3544: gcc -o conftest -march=x86-64 -mtune=generic -O2 -pipe -fstack-protector --param=ssp-buffer-size=4 -D_FORTIFY_SOURCE=2 -Wl,-O1,--sort-common,--as-needed,-z,relro conftest.c  >&5
configure:3548: $? = 0
configure:3555: ./conftest
configure:3559: $? = 0
configure:3574: result: no
configure:3579: checking for suffix of object files
configure:3601: gcc -c -march=x86-64 -mtune=generic -O2 -pipe -fstack-protector --param=ssp-buffer-size=4 -D_FORTIFY_SOURCE=2 conftest.c >&5
configure:3605: $? = 0
configure:3626: result: o
configure:3630: checking whether we are using the GNU C compiler
configure:3649: gcc -c -march=x86-64 -mtune=generic -O2 -pipe -fstack-protector --param=ssp-buffer-size=4 -D_FORTIFY_SOURCE=2 conftest.c >&5
configure:3649: $? = 0
configure:3658: result: yes
configure:3667: checking whether gcc accepts -g
configure:3687: gcc -c -g -D_FORTIFY_SOURCE=2 conftest.c >&5
configure:3687: $? = 0
configure:3728: result: yes
configure:3745: checking for gcc option to accept ISO C89
configure:3808: gcc  -c -march=x86-64 -mtune=generic -O2 -pipe -fstack-protector --param=ssp-buffer-size=4 -D_FORTIFY_SOURCE=2 conftest.c >&5
configure:3808: $? = 0
configure:3821: result: none needed
configure:3843: checking dependency style of gcc
configure:3954: result: gcc3
configure:3969: checking for a sed that does not truncate output
configure:4033: result: /usr/bin/sed
configure:4051: checking for grep that handles long lines and -e
configure:4109: result: /usr/bin/grep
configure:4114: checking for egrep
configure:4176: result: /usr/bin/grep -E
configure:4181: checking for fgrep
configure:4243: result: /usr/bin/grep -F
configure:4278: checking for ld used by gcc
configure:4345: result: /usr/bin/ld
configure:4352: checking if the linker (/usr/bin/ld) is GNU ld
configure:4367: result: yes
configure:4379: checking for BSD- or MS-compatible name lister (nm)
configure:4428: result: /usr/bin/nm -B
configure:4558: checking the name lister (/usr/bin/nm -B) interface
configure:4565: gcc -c -march=x86-64 -mtune=generic -O2 -pipe -fstack-protector --param=ssp-buffer-size=4 -D_FORTIFY_SOURCE=2 conftest.c >&5
configure:4568: /usr/bin/nm -B "conftest.o"
configure:4571: output
0000000000000000 B some_variable
configure:4578: result: BSD nm
configure:4581: checking whether ln -s works
configure:4585: result: yes
configure:4593: checking the maximum length of command line arguments
configure:4724: result: 1572864
configure:4741: checking whether the shell understands some XSI constructs
configure:4751: result: yes
configure:4755: checking whether the shell understands "+="
configure:4761: result: yes
configure:4796: checking how to convert x86_64-unknown-linux-gnu file names to x86_64-unknown-linux-gnu format
configure:4836: result: func_convert_file_noop
configure:4843: checking how to convert x86_64-unknown-linux-gnu file names to toolchain format
configure:4863: result: func_convert_file_noop
configure:4870: checking for /usr/bin/ld option to reload object files
configure:4877: result: -r
configure:4951: checking for objdump
configure:4967: found /usr/bin/objdump
configure:4978: result: objdump
configure:5010: checking how to recognize dependent libraries
configure:5208: result: pass_all
configure:5293: checking for dlltool
configure:5323: result: no
configure:5353: checking how to associate runtime and link libraries
configure:5380: result: printf %s\n
configure:5441: checking for ar
configure:5457: found /usr/bin/ar
configure:5468: result: ar
configure:5505: checking for archiver @FILE support
configure:5522: gcc -c -march=x86-64 -mtune=generic -O2 -pipe -fstack-protector --param=ssp-buffer-size=4 -D_FORTIFY_SOURCE=2 conftest.c >&5
configure:5522: $? = 0
configure:5525: ar cru libconftest.a @conftest.lst >&5
configure:5528: $? = 0
configure:5533: ar cru libconftest.a @conftest.lst >&5
ar: conftest.o: No such file or directory
configure:5536: $? = 1
configure:5548: result: @
configure:5606: checking for strip
configure:5622: found /usr/bin/strip
configure:5633: result: strip
configure:5705: checking for ranlib
configure:5721: found /usr/bin/ranlib
configure:5732: result: ranlib
configure:5834: checking command to parse /usr/bin/nm -B output from gcc object
configure:5954: gcc -c -march=x86-64 -mtune=generic -O2 -pipe -fstack-protector --param=ssp-buffer-size=4 -D_FORTIFY_SOURCE=2 conftest.c >&5
configure:5957: $? = 0
configure:5961: /usr/bin/nm -B conftest.o \| sed -n -e 's/^.*[ ]\([ABCDGIRSTW][ABCDGIRSTW]*\)[ ][ ]*\([_A-Za-z][_A-Za-z0-9]*\)$/\1 \2 \2/p' | sed '/ __gnu_lto/d' \> conftest.nm
configure:5964: $? = 0
configure:6030: gcc -o conftest -march=x86-64 -mtune=generic -O2 -pipe -fstack-protector --param=ssp-buffer-size=4 -D_FORTIFY_SOURCE=2 -Wl,-O1,--sort-common,--as-needed,-z,relro conftest.c conftstm.o >&5
configure:6033: $? = 0
configure:6071: result: ok
configure:6108: checking for sysroot
configure:6138: result: no
configure:6215: gcc -c -march=x86-64 -mtune=generic -O2 -pipe -fstack-protector --param=ssp-buffer-size=4 -D_FORTIFY_SOURCE=2 conftest.c >&5
configure:6218: $? = 0
configure:6401: checking for mt
configure:6431: result: no
configure:6451: checking if : is a manifest tool
configure:6457: : '-?'
configure:6465: result: no
configure:7107: checking how to run the C preprocessor
configure:7138: gcc -E -D_FORTIFY_SOURCE=2 conftest.c
In file included from /usr/include/limits.h:25:0,
                 from /usr/lib/gcc/x86_64-unknown-linux-gnu/4.8.1/include-fixed/limits.h:168,
                 from /usr/lib/gcc/x86_64-unknown-linux-gnu/4.8.1/include-fixed/syslimits.h:7,
                 from /usr/lib/gcc/x86_64-unknown-linux-gnu/4.8.1/include-fixed/limits.h:34,
                 from conftest.c:12:
/usr/include/features.h:327:4: warning: #warning _FORTIFY_SOURCE requires compiling with optimization (-O) [-Wcpp]
 #  warning _FORTIFY_SOURCE requires compiling with optimization (-O)
    ^
configure:7138: $? = 0
configure:7152: gcc -E -D_FORTIFY_SOURCE=2 conftest.c
conftest.c:11:28: fatal error: ac_nonexistent.h: No such file or directory
 #include <ac_nonexistent.h>
                            ^
compilation terminated.
configure:7152: $? = 1
configure: failed program was:
| /* confdefs.h */
| #define PACKAGE_NAME "lightdm-bbqlinux-greeter"
| #define PACKAGE_TARNAME "lightdm-bbqlinux-greeter"
| #define PACKAGE_VERSION "1.6.0"
| #define PACKAGE_STRING "lightdm-bbqlinux-greeter 1.6.0"
| #define PACKAGE_BUGREPORT ""
| #define PACKAGE_URL ""
| #define PACKAGE "lightdm-bbqlinux-greeter"
| #define VERSION "1.5.2"
| /* end confdefs.h.  */
| #include <ac_nonexistent.h>
configure:7177: result: gcc -E
configure:7197: gcc -E -D_FORTIFY_SOURCE=2 conftest.c
In file included from /usr/include/limits.h:25:0,
                 from /usr/lib/gcc/x86_64-unknown-linux-gnu/4.8.1/include-fixed/limits.h:168,
                 from /usr/lib/gcc/x86_64-unknown-linux-gnu/4.8.1/include-fixed/syslimits.h:7,
                 from /usr/lib/gcc/x86_64-unknown-linux-gnu/4.8.1/include-fixed/limits.h:34,
                 from conftest.c:12:
/usr/include/features.h:327:4: warning: #warning _FORTIFY_SOURCE requires compiling with optimization (-O) [-Wcpp]
 #  warning _FORTIFY_SOURCE requires compiling with optimization (-O)
    ^
configure:7197: $? = 0
configure:7211: gcc -E -D_FORTIFY_SOURCE=2 conftest.c
conftest.c:11:28: fatal error: ac_nonexistent.h: No such file or directory
 #include <ac_nonexistent.h>
                            ^
compilation terminated.
configure:7211: $? = 1
configure: failed program was:
| /* confdefs.h */
| #define PACKAGE_NAME "lightdm-bbqlinux-greeter"
| #define PACKAGE_TARNAME "lightdm-bbqlinux-greeter"
| #define PACKAGE_VERSION "1.6.0"
| #define PACKAGE_STRING "lightdm-bbqlinux-greeter 1.6.0"
| #define PACKAGE_BUGREPORT ""
| #define PACKAGE_URL ""
| #define PACKAGE "lightdm-bbqlinux-greeter"
| #define VERSION "1.5.2"
| /* end confdefs.h.  */
| #include <ac_nonexistent.h>
configure:7240: checking for ANSI C header files
configure:7260: gcc -c -march=x86-64 -mtune=generic -O2 -pipe -fstack-protector --param=ssp-buffer-size=4 -D_FORTIFY_SOURCE=2 conftest.c >&5
configure:7260: $? = 0
In file included from /usr/include/string.h:25:0,
                 from conftest.c:11:
/usr/include/features.h:327:4: warning: #warning _FORTIFY_SOURCE requires compiling with optimization (-O) [-Wcpp]
 #  warning _FORTIFY_SOURCE requires compiling with optimization (-O)
    ^
In file included from /usr/include/stdlib.h:24:0,
                 from conftest.c:11:
/usr/include/features.h:327:4: warning: #warning _FORTIFY_SOURCE requires compiling with optimization (-O) [-Wcpp]
 #  warning _FORTIFY_SOURCE requires compiling with optimization (-O)
    ^
configure:7333: gcc -o conftest -march=x86-64 -mtune=generic -O2 -pipe -fstack-protector --param=ssp-buffer-size=4 -D_FORTIFY_SOURCE=2 -Wl,-O1,--sort-common,--as-needed,-z,relro conftest.c  >&5
configure:7333: $? = 0
configure:7333: ./conftest
configure:7333: $? = 0
configure:7344: result: yes
configure:7357: checking for sys/types.h
configure:7357: gcc -c -march=x86-64 -mtune=generic -O2 -pipe -fstack-protector --param=ssp-buffer-size=4 -D_FORTIFY_SOURCE=2 conftest.c >&5
configure:7357: $? = 0
configure:7357: result: yes
configure:7357: checking for sys/stat.h
configure:7357: gcc -c -march=x86-64 -mtune=generic -O2 -pipe -fstack-protector --param=ssp-buffer-size=4 -D_FORTIFY_SOURCE=2 conftest.c >&5
configure:7357: $? = 0
configure:7357: result: yes
configure:7357: checking for stdlib.h
configure:7357: gcc -c -march=x86-64 -mtune=generic -O2 -pipe -fstack-protector --param=ssp-buffer-size=4 -D_FORTIFY_SOURCE=2 conftest.c >&5
configure:7357: $? = 0
configure:7357: result: yes
configure:7357: checking for string.h
configure:7357: gcc -c -march=x86-64 -mtune=generic -O2 -pipe -fstack-protector --param=ssp-buffer-size=4 -D_FORTIFY_SOURCE=2 conftest.c >&5
configure:7357: $? = 0
configure:7357: result: yes
configure:7357: checking for memory.h
configure:7357: gcc -c -march=x86-64 -mtune=generic -O2 -pipe -fstack-protector --param=ssp-buffer-size=4 -D_FORTIFY_SOURCE=2 conftest.c >&5
configure:7357: $? = 0
configure:7357: result: yes
configure:7357: checking for strings.h
configure:7357: gcc -c -march=x86-64 -mtune=generic -O2 -pipe -fstack-protector --param=ssp-buffer-size=4 -D_FORTIFY_SOURCE=2 conftest.c >&5
configure:7357: $? = 0
configure:7357: result: yes
configure:7357: checking for inttypes.h
configure:7357: gcc -c -march=x86-64 -mtune=generic -O2 -pipe -fstack-protector --param=ssp-buffer-size=4 -D_FORTIFY_SOURCE=2 conftest.c >&5
configure:7357: $? = 0
configure:7357: result: yes
configure:7357: checking for stdint.h
configure:7357: gcc -c -march=x86-64 -mtune=generic -O2 -pipe -fstack-protector --param=ssp-buffer-size=4 -D_FORTIFY_SOURCE=2 conftest.c >&5
configure:7357: $? = 0
configure:7357: result: yes
configure:7357: checking for unistd.h
configure:7357: gcc -c -march=x86-64 -mtune=generic -O2 -pipe -fstack-protector --param=ssp-buffer-size=4 -D_FORTIFY_SOURCE=2 conftest.c >&5
configure:7357: $? = 0
configure:7357: result: yes
configure:7371: checking for dlfcn.h
configure:7371: gcc -c -march=x86-64 -mtune=generic -O2 -pipe -fstack-protector --param=ssp-buffer-size=4 -D_FORTIFY_SOURCE=2 conftest.c >&5
configure:7371: $? = 0
configure:7371: result: yes
configure:7577: checking for objdir
configure:7592: result: .libs
configure:7859: checking if gcc supports -fno-rtti -fno-exceptions
configure:7877: gcc -c -march=x86-64 -mtune=generic -O2 -pipe -fstack-protector --param=ssp-buffer-size=4 -D_FORTIFY_SOURCE=2 -fno-rtti -fno-exceptions conftest.c >&5
cc1: warning: command line option '-fno-rtti' is valid for C++/ObjC++ but not for C [enabled by default]
configure:7881: $? = 0
configure:7894: result: no
configure:8221: checking for gcc option to produce PIC
configure:8228: result: -fPIC -DPIC
configure:8236: checking if gcc PIC flag -fPIC -DPIC works
configure:8254: gcc -c -march=x86-64 -mtune=generic -O2 -pipe -fstack-protector --param=ssp-buffer-size=4 -D_FORTIFY_SOURCE=2 -fPIC -DPIC -DPIC conftest.c >&5
configure:8258: $? = 0
configure:8271: result: yes
configure:8300: checking if gcc static flag -static works
configure:8328: result: yes
configure:8343: checking if gcc supports -c -o file.o
configure:8364: gcc -c -march=x86-64 -mtune=generic -O2 -pipe -fstack-protector --param=ssp-buffer-size=4 -D_FORTIFY_SOURCE=2 -o out/conftest2.o conftest.c >&5
configure:8368: $? = 0
configure:8390: result: yes
configure:8398: checking if gcc supports -c -o file.o
configure:8445: result: yes
configure:8478: checking whether the gcc linker (/usr/bin/ld -m elf_x86_64) supports shared libraries
configure:9635: result: yes
configure:9672: checking whether -lc should be explicitly linked in
configure:9680: gcc -c -march=x86-64 -mtune=generic -O2 -pipe -fstack-protector --param=ssp-buffer-size=4 -D_FORTIFY_SOURCE=2 conftest.c >&5
configure:9683: $? = 0
configure:9698: gcc -shared  -fPIC -DPIC conftest.o  -v -Wl,-soname -Wl,conftest -o conftest 2\>\&1 \| /usr/bin/grep  -lc  \>/dev/null 2\>\&1
configure:9701: $? = 0
configure:9715: result: no
configure:9875: checking dynamic linker characteristics
configure:10375: gcc -o conftest -march=x86-64 -mtune=generic -O2 -pipe -fstack-protector --param=ssp-buffer-size=4 -D_FORTIFY_SOURCE=2 -Wl,-O1,--sort-common,--as-needed,-z,relro -Wl,-rpath -Wl,/foo conftest.c  >&5
configure:10375: $? = 0
configure:10609: result: GNU/Linux ld.so
configure:10716: checking how to hardcode library paths into programs
configure:10741: result: immediate
configure:11281: checking whether stripping libraries is possible
configure:11286: result: yes
configure:11321: checking if libtool supports shared libraries
configure:11323: result: yes
configure:11326: checking whether to build shared libraries
configure:11347: result: yes
configure:11350: checking whether to build static libraries
configure:11354: result: no
configure:11392: checking whether gcc and cc understand -c and -o together
configure:11423: gcc -c conftest.c -o conftest2.o >&5
configure:11427: $? = 0
configure:11433: gcc -c conftest.c -o conftest2.o >&5
configure:11437: $? = 0
configure:11448: cc -c conftest.c >&5
configure:11452: $? = 0
configure:11460: cc -c conftest.c -o conftest2.o >&5
configure:11464: $? = 0
configure:11470: cc -c conftest.c -o conftest2.o >&5
configure:11474: $? = 0
configure:11492: result: yes
configure:11518: checking whether to enable maintainer-specific portions of Makefiles
configure:11527: result: no
configure:11551: checking whether make supports nested variables
configure:11568: result: yes
configure:11634: checking for pkg-config
configure:11652: found /usr/bin/pkg-config
configure:11664: result: /usr/bin/pkg-config
configure:11689: checking pkg-config is at least version 0.9.0
configure:11692: result: yes
configure:11711: checking for gobject-introspection
configure:11742: $PKG_CONFIG --exists --print-errors "gobject-introspection-1.0 >= 0.9.5"
configure:11745: $? = 0
configure:11757: result: yes
configure:11829: checking whether gcc understands -Wno-sign-compare
configure:11842: gcc -c -Wall -Wmissing-prototypes -Wnested-externs -Wpointer-arith -march=x86-64 -mtune=generic -O2 -pipe -fstack-protector --param=ssp-buffer-size=4 -Wno-sign-compare -D_FORTIFY_SOURCE=2 conftest.c >&5
configure:11842: $? = 0
configure:11849: result: yes
configure:11867: checking what warning flags to pass to the C compiler
configure:11869: result: -Wall -Wmissing-prototypes -Wnested-externs -Wpointer-arith -Wno-sign-compare
configure:11880: checking what language compliance flags to pass to the C compiler
configure:11895: result: 
configure:11905: checking for stdlib.h
configure:11905: result: yes
configure:11927: checking for GTK
configure:11934: $PKG_CONFIG --exists --print-errors "gtk+-2.0"
configure:11937: $? = 0
configure:11951: $PKG_CONFIG --exists --print-errors "gtk+-2.0"
configure:11954: $? = 0
configure:12012: result: yes
configure:12112: checking for GMODULE
configure:12119: $PKG_CONFIG --exists --print-errors "gmodule-export-2.0"
configure:12122: $? = 0
configure:12136: $PKG_CONFIG --exists --print-errors "gmodule-export-2.0"
configure:12139: $? = 0
configure:12197: result: yes
configure:12203: checking for LIGHTDMGOBJECT
configure:12210: $PKG_CONFIG --exists --print-errors "liblightdm-gobject-1 >= 1.3.5"
configure:12213: $? = 0
configure:12227: $PKG_CONFIG --exists --print-errors "liblightdm-gobject-1 >= 1.3.5"
configure:12230: $? = 0
configure:12288: result: yes
configure:12294: checking for LIBX11
configure:12301: $PKG_CONFIG --exists --print-errors "x11"
configure:12304: $? = 0
configure:12318: $PKG_CONFIG --exists --print-errors "x11"
configure:12321: $? = 0
configure:12379: result: yes
configure:12505: checking for optional package indicator-0.4
configure:12507: result: not found
configure:12523: checking whether NLS is requested
configure:12532: result: yes
configure:12550: checking for intltool >= 0.35.0
configure:12552: result: 0.50.2 found
configure:12560: checking for intltool-update
configure:12578: found /usr/bin/intltool-update
configure:12590: result: /usr/bin/intltool-update
configure:12600: checking for intltool-merge
configure:12618: found /usr/bin/intltool-merge
configure:12630: result: /usr/bin/intltool-merge
configure:12640: checking for intltool-extract
configure:12658: found /usr/bin/intltool-extract
configure:12670: result: /usr/bin/intltool-extract
configure:12824: checking for xgettext
configure:12842: found /usr/bin/xgettext
configure:12854: result: /usr/bin/xgettext
configure:12864: checking for msgmerge
configure:12882: found /usr/bin/msgmerge
configure:12894: result: /usr/bin/msgmerge
configure:12904: checking for msgfmt
configure:12922: found /usr/bin/msgfmt
configure:12934: result: /usr/bin/msgfmt
configure:12944: checking for gmsgfmt
configure:12975: result: /usr/bin/msgfmt
configure:12995: checking for perl
configure:13013: found /usr/bin/perl
configure:13025: result: /usr/bin/perl
configure:13036: checking for perl >= 5.8.1
configure:13043: result: 5.18.1
configure:13047: checking for XML::Parser
configure:13050: result: ok
configure:13075: gcc -o conftest -march=x86-64 -mtune=generic -O2 -pipe -fstack-protector --param=ssp-buffer-size=4 -D_FORTIFY_SOURCE=2 -Wl,-O1,--sort-common,--as-needed,-z,relro conftest.c  >&5
configure:13075: $? = 0
configure:13254: creating ./config.status

## ---------------------- ##
## Running config.status. ##
## ---------------------- ##

This file was extended by lightdm-bbqlinux-greeter config.status 1.6.0, which was
generated by GNU Autoconf 2.69.  Invocation command line was

  CONFIG_FILES    = 
  CONFIG_HEADERS  = 
  CONFIG_LINKS    = 
  CONFIG_COMMANDS = 
  $ ./config.status 

on cyanogenmod

config.status:1173: creating Makefile
config.status:1173: creating data/Makefile
config.status:1173: creating po/Makefile.in
config.status:1173: creating src/Makefile
config.status:1173: creating config.h
config.status:1354: config.h is unchanged
config.status:1402: executing depfiles commands
config.status:1402: executing libtool commands
config.status:1402: executing po/stamp-it commands

## ---------------- ##
## Cache variables. ##
## ---------------- ##

ac_cv_build=x86_64-unknown-linux-gnu
ac_cv_c_compiler_gnu=yes
ac_cv_env_CC_set=
ac_cv_env_CC_value=
ac_cv_env_CFLAGS_set=set
ac_cv_env_CFLAGS_value='-march=x86-64 -mtune=generic -O2 -pipe -fstack-protector --param=ssp-buffer-size=4'
ac_cv_env_CPPFLAGS_set=set
ac_cv_env_CPPFLAGS_value=-D_FORTIFY_SOURCE=2
ac_cv_env_CPP_set=
ac_cv_env_CPP_value=
ac_cv_env_GMODULE_CFLAGS_set=
ac_cv_env_GMODULE_CFLAGS_value=
ac_cv_env_GMODULE_LIBS_set=
ac_cv_env_GMODULE_LIBS_value=
ac_cv_env_GTK_CFLAGS_set=
ac_cv_env_GTK_CFLAGS_value=
ac_cv_env_GTK_LIBS_set=
ac_cv_env_GTK_LIBS_value=
ac_cv_env_LDFLAGS_set=set
ac_cv_env_LDFLAGS_value=-Wl,-O1,--sort-common,--as-needed,-z,relro
ac_cv_env_LIBINDICATOR_CFLAGS_set=
ac_cv_env_LIBINDICATOR_CFLAGS_value=
ac_cv_env_LIBINDICATOR_LIBS_set=
ac_cv_env_LIBINDICATOR_LIBS_value=
ac_cv_env_LIBS_set=
ac_cv_env_LIBS_value=
ac_cv_env_LIBX11_CFLAGS_set=
ac_cv_env_LIBX11_CFLAGS_value=
ac_cv_env_LIBX11_LIBS_set=
ac_cv_env_LIBX11_LIBS_value=
ac_cv_env_LIGHTDMGOBJECT_CFLAGS_set=
ac_cv_env_LIGHTDMGOBJECT_CFLAGS_value=
ac_cv_env_LIGHTDMGOBJECT_LIBS_set=
ac_cv_env_LIGHTDMGOBJECT_LIBS_value=
ac_cv_env_PKG_CONFIG_LIBDIR_set=
ac_cv_env_PKG_CONFIG_LIBDIR_value=
ac_cv_env_PKG_CONFIG_PATH_set=
ac_cv_env_PKG_CONFIG_PATH_value=
ac_cv_env_PKG_CONFIG_set=
ac_cv_env_PKG_CONFIG_value=
ac_cv_env_build_alias_set=
ac_cv_env_build_alias_value=
ac_cv_env_host_alias_set=
ac_cv_env_host_alias_value=
ac_cv_env_target_alias_set=
ac_cv_env_target_alias_value=
ac_cv_header_dlfcn_h=yes
ac_cv_header_inttypes_h=yes
ac_cv_header_memory_h=yes
ac_cv_header_stdc=yes
ac_cv_header_stdint_h=yes
ac_cv_header_stdlib_h=yes
ac_cv_header_string_h=yes
ac_cv_header_strings_h=yes
ac_cv_header_sys_stat_h=yes
ac_cv_header_sys_types_h=yes
ac_cv_header_unistd_h=yes
ac_cv_host=x86_64-unknown-linux-gnu
ac_cv_objext=o
ac_cv_path_EGREP='/usr/bin/grep -E'
ac_cv_path_FGREP='/usr/bin/grep -F'
ac_cv_path_GMSGFMT=/usr/bin/msgfmt
ac_cv_path_GREP=/usr/bin/grep
ac_cv_path_INTLTOOL_EXTRACT=/usr/bin/intltool-extract
ac_cv_path_INTLTOOL_MERGE=/usr/bin/intltool-merge
ac_cv_path_INTLTOOL_PERL=/usr/bin/perl
ac_cv_path_INTLTOOL_UPDATE=/usr/bin/intltool-update
ac_cv_path_MSGFMT=/usr/bin/msgfmt
ac_cv_path_MSGMERGE=/usr/bin/msgmerge
ac_cv_path_SED=/usr/bin/sed
ac_cv_path_XGETTEXT=/usr/bin/xgettext
ac_cv_path_ac_pt_PKG_CONFIG=/usr/bin/pkg-config
ac_cv_path_install='/usr/bin/install -c'
ac_cv_path_mkdir=/usr/bin/mkdir
ac_cv_prog_AWK=gawk
ac_cv_prog_CPP='gcc -E'
ac_cv_prog_ac_ct_AR=ar
ac_cv_prog_ac_ct_CC=gcc
ac_cv_prog_ac_ct_OBJDUMP=objdump
ac_cv_prog_ac_ct_RANLIB=ranlib
ac_cv_prog_ac_ct_STRIP=strip
ac_cv_prog_cc_c89=
ac_cv_prog_cc_g=yes
ac_cv_prog_cc_gcc_c_o=yes
ac_cv_prog_make_make_set=yes
am_cv_CC_dependencies_compiler_type=gcc3
am_cv_make_support_nested_variables=yes
lt_cv_ar_at_file=@
lt_cv_archive_cmds_need_lc=no
lt_cv_deplibs_check_method=pass_all
lt_cv_file_magic_cmd='$MAGIC_CMD'
lt_cv_file_magic_test_file=
lt_cv_ld_reload_flag=-r
lt_cv_nm_interface='BSD nm'
lt_cv_objdir=.libs
lt_cv_path_LD=/usr/bin/ld
lt_cv_path_NM='/usr/bin/nm -B'
lt_cv_path_mainfest_tool=no
lt_cv_prog_compiler_c_o=yes
lt_cv_prog_compiler_pic='-fPIC -DPIC'
lt_cv_prog_compiler_pic_works=yes
lt_cv_prog_compiler_rtti_exceptions=no
lt_cv_prog_compiler_static_works=yes
lt_cv_prog_gnu_ld=yes
lt_cv_sharedlib_from_linklib_cmd='printf %s\n'
lt_cv_shlibpath_overrides_runpath=no
lt_cv_sys_global_symbol_pipe='sed -n -e '\''s/^.*[	 ]\([ABCDGIRSTW][ABCDGIRSTW]*\)[	 ][	 ]*\([_A-Za-z][_A-Za-z0-9]*\)$/\1 \2 \2/p'\'' | sed '\''/ __gnu_lto/d'\'''
lt_cv_sys_global_symbol_to_c_name_address='sed -n -e '\''s/^: \([^ ]*\)[ ]*$/  {\"\1\", (void *) 0},/p'\'' -e '\''s/^[ABCDGIRSTW]* \([^ ]*\) \([^ ]*\)$/  {"\2", (void *) \&\2},/p'\'''
lt_cv_sys_global_symbol_to_c_name_address_lib_prefix='sed -n -e '\''s/^: \([^ ]*\)[ ]*$/  {\"\1\", (void *) 0},/p'\'' -e '\''s/^[ABCDGIRSTW]* \([^ ]*\) \(lib[^ ]*\)$/  {"\2", (void *) \&\2},/p'\'' -e '\''s/^[ABCDGIRSTW]* \([^ ]*\) \([^ ]*\)$/  {"lib\2", (void *) \&\2},/p'\'''
lt_cv_sys_global_symbol_to_cdecl='sed -n -e '\''s/^T .* \(.*\)$/extern int \1();/p'\'' -e '\''s/^[ABCDGIRSTW]* .* \(.*\)$/extern char \1;/p'\'''
lt_cv_sys_max_cmd_len=1572864
lt_cv_to_host_file_cmd=func_convert_file_noop
lt_cv_to_tool_file_cmd=func_convert_file_noop
pkg_cv_GMODULE_CFLAGS='-pthread -I/usr/include/glib-2.0 -I/usr/lib/glib-2.0/include '
pkg_cv_GMODULE_LIBS='-Wl,--export-dynamic -lgmodule-2.0 -pthread -lglib-2.0 '
pkg_cv_GTK_CFLAGS='-pthread -I/usr/include/gtk-2.0 -I/usr/lib/gtk-2.0/include -I/usr/include/pango-1.0 -I/usr/include/atk-1.0 -I/usr/include/cairo -I/usr/include/pixman-1 -I/usr/include/libdrm -I/usr/include/libpng16 -I/usr/include/gdk-pixbuf-2.0 -I/usr/include/libpng16 -I/usr/include/pango-1.0 -I/usr/include/harfbuzz -I/usr/include/pango-1.0 -I/usr/include/glib-2.0 -I/usr/lib/glib-2.0/include -I/usr/include/freetype2 '
pkg_cv_GTK_LIBS='-lgtk-x11-2.0 -lgdk-x11-2.0 -lpangocairo-1.0 -latk-1.0 -lcairo -lgdk_pixbuf-2.0 -lgio-2.0 -lpangoft2-1.0 -lpango-1.0 -lgobject-2.0 -lglib-2.0 -lfreetype -lfontconfig '
pkg_cv_LIBX11_CFLAGS=
pkg_cv_LIBX11_LIBS='-lX11 '
pkg_cv_LIGHTDMGOBJECT_CFLAGS='-pthread -I/usr/include/lightdm-gobject-1 -I/usr/include/gio-unix-2.0/ -I/usr/include/glib-2.0 -I/usr/lib/glib-2.0/include -I/usr/include/libxml2 '
pkg_cv_LIGHTDMGOBJECT_LIBS='-llightdm-gobject-1 '

## ----------------- ##
## Output variables. ##
## ----------------- ##

ACLOCAL='${SHELL} /android/bbqlinux/github/lightdm-bbqlinux-greeter/src/missing --run aclocal-1.11'
ALL_LINGUAS=''
AMDEPBACKSLASH='\'
AMDEP_FALSE='#'
AMDEP_TRUE=''
AMTAR='$${TAR-tar}'
AM_BACKSLASH='\'
AM_DEFAULT_V='$(AM_DEFAULT_VERBOSITY)'
AM_DEFAULT_VERBOSITY='0'
AM_V='$(V)'
AR='ar'
AUTOCONF='${SHELL} /android/bbqlinux/github/lightdm-bbqlinux-greeter/src/missing --run autoconf'
AUTOHEADER='${SHELL} /android/bbqlinux/github/lightdm-bbqlinux-greeter/src/missing --run autoheader'
AUTOMAKE='${SHELL} /android/bbqlinux/github/lightdm-bbqlinux-greeter/src/missing --run automake-1.11'
AWK='gawk'
CC='gcc'
CCDEPMODE='depmode=gcc3'
CFLAGS='-march=x86-64 -mtune=generic -O2 -pipe -fstack-protector --param=ssp-buffer-size=4'
CPP='gcc -E'
CPPFLAGS='-D_FORTIFY_SOURCE=2'
CYGPATH_W='echo'
DATADIRNAME='share'
DEFS='-DHAVE_CONFIG_H'
DEPDIR='.deps'
DLLTOOL='false'
DSYMUTIL=''
DUMPBIN=''
ECHO_C=''
ECHO_N='-n'
ECHO_T=''
EGREP='/usr/bin/grep -E'
EXEEXT=''
FGREP='/usr/bin/grep -F'
GETTEXT_PACKAGE='lightdm-bbqlinux-greeter'
GMODULE_CFLAGS='-pthread -I/usr/include/glib-2.0 -I/usr/lib/glib-2.0/include '
GMODULE_LIBS='-Wl,--export-dynamic -lgmodule-2.0 -pthread -lglib-2.0 '
GMSGFMT='/usr/bin/msgfmt'
GREP='/usr/bin/grep'
GTK_CFLAGS='-pthread -I/usr/include/gtk-2.0 -I/usr/lib/gtk-2.0/include -I/usr/include/pango-1.0 -I/usr/include/atk-1.0 -I/usr/include/cairo -I/usr/include/pixman-1 -I/usr/include/libdrm -I/usr/include/libpng16 -I/usr/include/gdk-pixbuf-2.0 -I/usr/include/libpng16 -I/usr/include/pango-1.0 -I/usr/include/harfbuzz -I/usr/include/pango-1.0 -I/usr/include/glib-2.0 -I/usr/lib/glib-2.0/include -I/usr/include/freetype2 '
GTK_LIBS='-lgtk-x11-2.0 -lgdk-x11-2.0 -lpangocairo-1.0 -latk-1.0 -lcairo -lgdk_pixbuf-2.0 -lgio-2.0 -lpangoft2-1.0 -lpango-1.0 -lgobject-2.0 -lglib-2.0 -lfreetype -lfontconfig '
HAVE_INTROSPECTION_FALSE='#'
HAVE_INTROSPECTION_TRUE=''
INDICATORDIR=''
INSTALL_DATA='${INSTALL} -m 644'
INSTALL_PROGRAM='${INSTALL}'
INSTALL_SCRIPT='${INSTALL}'
INSTALL_STRIP_PROGRAM='$(install_sh) -c -s'
INTLTOOL_CAVES_RULE='%.caves:     %.caves.in     $(INTLTOOL_MERGE) $(wildcard $(top_srcdir)/po/*.po) ; $(INTLTOOL_V_MERGE)LC_ALL=C $(INTLTOOL_MERGE) $(INTLTOOL_V_MERGE_OPTIONS) -d -u -c $(top_builddir)/po/.intltool-merge-cache $(top_srcdir)/po $< $@'
INTLTOOL_DESKTOP_RULE='%.desktop:   %.desktop.in   $(INTLTOOL_MERGE) $(wildcard $(top_srcdir)/po/*.po) ; $(INTLTOOL_V_MERGE)LC_ALL=C $(INTLTOOL_MERGE) $(INTLTOOL_V_MERGE_OPTIONS) -d -u -c $(top_builddir)/po/.intltool-merge-cache $(top_srcdir)/po $< $@'
INTLTOOL_DIRECTORY_RULE='%.directory: %.directory.in $(INTLTOOL_MERGE) $(wildcard $(top_srcdir)/po/*.po) ; $(INTLTOOL_V_MERGE)LC_ALL=C $(INTLTOOL_MERGE) $(INTLTOOL_V_MERGE_OPTIONS) -d -u -c $(top_builddir)/po/.intltool-merge-cache $(top_srcdir)/po $< $@'
INTLTOOL_EXTRACT='/usr/bin/intltool-extract'
INTLTOOL_KBD_RULE='%.kbd:       %.kbd.in       $(INTLTOOL_MERGE) $(wildcard $(top_srcdir)/po/*.po) ; $(INTLTOOL_V_MERGE)LC_ALL=C $(INTLTOOL_MERGE) $(INTLTOOL_V_MERGE_OPTIONS) -x -u -m -c $(top_builddir)/po/.intltool-merge-cache $(top_srcdir)/po $< $@'
INTLTOOL_KEYS_RULE='%.keys:      %.keys.in      $(INTLTOOL_MERGE) $(wildcard $(top_srcdir)/po/*.po) ; $(INTLTOOL_V_MERGE)LC_ALL=C $(INTLTOOL_MERGE) $(INTLTOOL_V_MERGE_OPTIONS) -k -u -c $(top_builddir)/po/.intltool-merge-cache $(top_srcdir)/po $< $@'
INTLTOOL_MERGE='/usr/bin/intltool-merge'
INTLTOOL_OAF_RULE='%.oaf:       %.oaf.in       $(INTLTOOL_MERGE) $(wildcard $(top_srcdir)/po/*.po) ; $(INTLTOOL_V_MERGE)LC_ALL=C $(INTLTOOL_MERGE) $(INTLTOOL_V_MERGE_OPTIONS) -o -p $(top_srcdir)/po $< $@'
INTLTOOL_PERL='/usr/bin/perl'
INTLTOOL_POLICY_RULE='%.policy:    %.policy.in    $(INTLTOOL_MERGE) $(wildcard $(top_srcdir)/po/*.po) ; $(INTLTOOL_V_MERGE)LC_ALL=C $(INTLTOOL_MERGE) $(INTLTOOL_V_MERGE_OPTIONS) -x -u -c $(top_builddir)/po/.intltool-merge-cache $(top_srcdir)/po $< $@'
INTLTOOL_PONG_RULE='%.pong:      %.pong.in      $(INTLTOOL_MERGE) $(wildcard $(top_srcdir)/po/*.po) ; $(INTLTOOL_V_MERGE)LC_ALL=C $(INTLTOOL_MERGE) $(INTLTOOL_V_MERGE_OPTIONS) -x -u -c $(top_builddir)/po/.intltool-merge-cache $(top_srcdir)/po $< $@'
INTLTOOL_PROP_RULE='%.prop:      %.prop.in      $(INTLTOOL_MERGE) $(wildcard $(top_srcdir)/po/*.po) ; $(INTLTOOL_V_MERGE)LC_ALL=C $(INTLTOOL_MERGE) $(INTLTOOL_V_MERGE_OPTIONS) -d -u -c $(top_builddir)/po/.intltool-merge-cache $(top_srcdir)/po $< $@'
INTLTOOL_SCHEMAS_RULE='%.schemas:   %.schemas.in   $(INTLTOOL_MERGE) $(wildcard $(top_srcdir)/po/*.po) ; $(INTLTOOL_V_MERGE)LC_ALL=C $(INTLTOOL_MERGE) $(INTLTOOL_V_MERGE_OPTIONS) -s -u -c $(top_builddir)/po/.intltool-merge-cache $(top_srcdir)/po $< $@'
INTLTOOL_SERVER_RULE='%.server:    %.server.in    $(INTLTOOL_MERGE) $(wildcard $(top_srcdir)/po/*.po) ; $(INTLTOOL_V_MERGE)LC_ALL=C $(INTLTOOL_MERGE) $(INTLTOOL_V_MERGE_OPTIONS) -o -u -c $(top_builddir)/po/.intltool-merge-cache $(top_srcdir)/po $< $@'
INTLTOOL_SERVICE_RULE='%.service: %.service.in   $(INTLTOOL_MERGE) $(wildcard $(top_srcdir)/po/*.po) ; $(INTLTOOL_V_MERGE)LC_ALL=C $(INTLTOOL_MERGE) $(INTLTOOL_V_MERGE_OPTIONS) -d -u -c $(top_builddir)/po/.intltool-merge-cache $(top_srcdir)/po $< $@'
INTLTOOL_SHEET_RULE='%.sheet:     %.sheet.in     $(INTLTOOL_MERGE) $(wildcard $(top_srcdir)/po/*.po) ; $(INTLTOOL_V_MERGE)LC_ALL=C $(INTLTOOL_MERGE) $(INTLTOOL_V_MERGE_OPTIONS) -x -u -c $(top_builddir)/po/.intltool-merge-cache $(top_srcdir)/po $< $@'
INTLTOOL_SOUNDLIST_RULE='%.soundlist: %.soundlist.in $(INTLTOOL_MERGE) $(wildcard $(top_srcdir)/po/*.po) ; $(INTLTOOL_V_MERGE)LC_ALL=C $(INTLTOOL_MERGE) $(INTLTOOL_V_MERGE_OPTIONS) -d -u -c $(top_builddir)/po/.intltool-merge-cache $(top_srcdir)/po $< $@'
INTLTOOL_THEME_RULE='%.theme:     %.theme.in     $(INTLTOOL_MERGE) $(wildcard $(top_srcdir)/po/*.po) ; $(INTLTOOL_V_MERGE)LC_ALL=C $(INTLTOOL_MERGE) $(INTLTOOL_V_MERGE_OPTIONS) -d -u -c $(top_builddir)/po/.intltool-merge-cache $(top_srcdir)/po $< $@'
INTLTOOL_UI_RULE='%.ui:        %.ui.in        $(INTLTOOL_MERGE) $(wildcard $(top_srcdir)/po/*.po) ; $(INTLTOOL_V_MERGE)LC_ALL=C $(INTLTOOL_MERGE) $(INTLTOOL_V_MERGE_OPTIONS) -x -u -c $(top_builddir)/po/.intltool-merge-cache $(top_srcdir)/po $< $@'
INTLTOOL_UPDATE='/usr/bin/intltool-update'
INTLTOOL_V_MERGE='$(INTLTOOL__v_MERGE_$(V))'
INTLTOOL_V_MERGE_OPTIONS='$(intltool__v_merge_options_$(V))'
INTLTOOL_XAM_RULE='%.xam:       %.xml.in       $(INTLTOOL_MERGE) $(wildcard $(top_srcdir)/po/*.po) ; $(INTLTOOL_V_MERGE)LC_ALL=C $(INTLTOOL_MERGE) $(INTLTOOL_V_MERGE_OPTIONS) -x -u -c $(top_builddir)/po/.intltool-merge-cache $(top_srcdir)/po $< $@'
INTLTOOL_XML_NOMERGE_RULE='%.xml:       %.xml.in       $(INTLTOOL_MERGE) ; $(INTLTOOL_V_MERGE)LC_ALL=C $(INTLTOOL_MERGE) $(INTLTOOL_V_MERGE_OPTIONS) -x -u --no-translations $< $@'
INTLTOOL_XML_RULE='%.xml:       %.xml.in       $(INTLTOOL_MERGE) $(wildcard $(top_srcdir)/po/*.po) ; $(INTLTOOL_V_MERGE)LC_ALL=C $(INTLTOOL_MERGE) $(INTLTOOL_V_MERGE_OPTIONS) -x -u -c $(top_builddir)/po/.intltool-merge-cache $(top_srcdir)/po $< $@'
INTLTOOL__v_MERGE_0='@echo "  ITMRG " $@;'
INTLTOOL__v_MERGE_='$(INTLTOOL__v_MERGE_$(AM_DEFAULT_VERBOSITY))'
INTROSPECTION_CFLAGS='-pthread -I/usr/include/gobject-introspection-1.0 -I/usr/lib/libffi-3.0.13/include -I/usr/include/glib-2.0 -I/usr/lib/glib-2.0/include '
INTROSPECTION_COMPILER='/usr/bin/g-ir-compiler'
INTROSPECTION_GENERATE='/usr/bin/g-ir-generate'
INTROSPECTION_GIRDIR='/usr/share/gir-1.0'
INTROSPECTION_LIBS='-lgirepository-1.0 -lgobject-2.0 -lglib-2.0 '
INTROSPECTION_MAKEFILE='/usr/share/gobject-introspection-1.0/Makefile.introspection'
INTROSPECTION_SCANNER='/usr/bin/g-ir-scanner'
INTROSPECTION_TYPELIBDIR='/usr/lib/girepository-1.0'
LD='/usr/bin/ld -m elf_x86_64'
LDFLAGS='-Wl,-O1,--sort-common,--as-needed,-z,relro'
LIBINDICATOR_CFLAGS=''
LIBINDICATOR_LIBS=''
LIBOBJS=''
LIBS=''
LIBTOOL='$(SHELL) $(top_builddir)/libtool'
LIBX11_CFLAGS=''
LIBX11_LIBS='-lX11 '
LIGHTDMGOBJECT_CFLAGS='-pthread -I/usr/include/lightdm-gobject-1 -I/usr/include/gio-unix-2.0/ -I/usr/include/glib-2.0 -I/usr/lib/glib-2.0/include -I/usr/include/libxml2 '
LIGHTDMGOBJECT_LIBS='-llightdm-gobject-1 '
LIPO=''
LN_S='ln -s'
LTLIBOBJS=''
MAINT='#'
MAINTAINER_MODE_FALSE=''
MAINTAINER_MODE_TRUE='#'
MAKEINFO='${SHELL} /android/bbqlinux/github/lightdm-bbqlinux-greeter/src/missing --run makeinfo'
MANIFEST_TOOL=':'
MKDIR_P='/usr/bin/mkdir -p'
MSGFMT='/usr/bin/msgfmt'
MSGMERGE='/usr/bin/msgmerge'
NM='/usr/bin/nm -B'
NMEDIT=''
OBJDUMP='objdump'
OBJEXT='o'
OTOOL64=''
OTOOL=''
PACKAGE='lightdm-bbqlinux-greeter'
PACKAGE_BUGREPORT=''
PACKAGE_NAME='lightdm-bbqlinux-greeter'
PACKAGE_STRING='lightdm-bbqlinux-greeter 1.6.0'
PACKAGE_TARNAME='lightdm-bbqlinux-greeter'
PACKAGE_URL=''
PACKAGE_VERSION='1.6.0'
PATH_SEPARATOR=':'
PKG_CONFIG='/usr/bin/pkg-config'
PKG_CONFIG_LIBDIR=''
PKG_CONFIG_PATH=''
RANLIB='ranlib'
SED='/usr/bin/sed'
SET_MAKE=''
SHELL='/bin/sh'
STRIP='strip'
USE_NLS='yes'
VERSION='1.5.2'
WARN_CFLAGS='-Wall -Wmissing-prototypes -Wnested-externs -Wpointer-arith -Wno-sign-compare '
XGETTEXT='/usr/bin/xgettext'
ac_ct_AR='ar'
ac_ct_CC='gcc'
ac_ct_DUMPBIN=''
am__EXEEXT_FALSE=''
am__EXEEXT_TRUE='#'
am__fastdepCC_FALSE='#'
am__fastdepCC_TRUE=''
am__include='include'
am__isrc=''
am__leading_dot='.'
am__nodep='_no'
am__quote=''
am__tar='$${TAR-tar} chof - "$$tardir"'
am__untar='$${TAR-tar} xf -'
bindir='${exec_prefix}/bin'
build='x86_64-unknown-linux-gnu'
build_alias=''
build_cpu='x86_64'
build_os='linux-gnu'
build_vendor='unknown'
datadir='${datarootdir}'
datarootdir='${prefix}/share'
docdir='${datarootdir}/doc/${PACKAGE_TARNAME}'
dvidir='${docdir}'
exec_prefix='${prefix}'
host='x86_64-unknown-linux-gnu'
host_alias=''
host_cpu='x86_64'
host_os='linux-gnu'
host_vendor='unknown'
htmldir='${docdir}'
includedir='${prefix}/include'
infodir='${datarootdir}/info'
install_sh='${SHELL} /android/bbqlinux/github/lightdm-bbqlinux-greeter/src/install-sh'
intltool__v_merge_options_0='-q'
intltool__v_merge_options_='$(intltool__v_merge_options_$(AM_DEFAULT_VERBOSITY))'
libdir='${exec_prefix}/lib'
libexecdir='/usr/lib/lightdm'
localedir='${datarootdir}/locale'
localstatedir='${prefix}/var'
mandir='${datarootdir}/man'
mkdir_p='/usr/bin/mkdir -p'
oldincludedir='/usr/include'
pdfdir='${docdir}'
prefix='/usr'
program_transform_name='s,x,x,'
psdir='${docdir}'
sbindir='/usr/bin'
sharedstatedir='${prefix}/com'
sysconfdir='/etc'
target_alias=''

## ----------- ##
## confdefs.h. ##
## ----------- ##

/* confdefs.h */
#define PACKAGE_NAME "lightdm-bbqlinux-greeter"
#define PACKAGE_TARNAME "lightdm-bbqlinux-greeter"
#define PACKAGE_VERSION "1.6.0"
#define PACKAGE_STRING "lightdm-bbqlinux-greeter 1.6.0"
#define PACKAGE_BUGREPORT ""
#define PACKAGE_URL ""
#define PACKAGE "lightdm-bbqlinux-greeter"
#define VERSION "1.5.2"
#define STDC_HEADERS 1
#define HAVE_SYS_TYPES_H 1
#define HAVE_SYS_STAT_H 1
#define HAVE_STDLIB_H 1
#define HAVE_STRING_H 1
#define HAVE_MEMORY_H 1
#define HAVE_STRINGS_H 1
#define HAVE_INTTYPES_H 1
#define HAVE_STDINT_H 1
#define HAVE_UNISTD_H 1
#define HAVE_DLFCN_H 1
#define LT_OBJDIR ".libs/"
#define HAVE_STDLIB_H 1
#define GETTEXT_PACKAGE "lightdm-bbqlinux-greeter"

configure: exit 0
